Build started 11/4/2014 8:52:32 PM.
     1>Project "c:\Users\smookler.r\documents\visual studio 2010\Projects\flasmo-4a\flasmo-4a\flasmo-4a.vcxproj" on node 2 (build target(s)).
     1>InitializeBuildStatus:
         Creating "Debug\flasmo-4a.unsuccessfulbuild" because "AlwaysCreate" was specified.
       ClCompile:
         All outputs are up-to-date.
         c:\Program Files (x86)\Microsoft Visual Studio 10.0\VC\bin\CL.exe /c /ZI /nologo /W3 /WX- /Od /Oy- /D WIN32 /D _DEBUG /D _CONSOLE /D _UNICODE /D UNICODE /Gm /EHsc /RTC1 /MDd /GS /fp:precise /Zc:wchar_t /Zc:forScope /Yu"StdAfx.h" /Fp"Debug\flasmo-4a.pch" /Fo"Debug\\" /Fd"Debug\vc100.pdb" /Gd /TP /analyze- /errorReport:prompt "flasmo-4a.cpp"
         flasmo-4a.cpp
     1>c:\users\smookler.r\documents\visual studio 2010\projects\flasmo-4a\flasmo-4a\board.h(119): warning C4018: '<' : signed/unsigned mismatch
     1>c:\users\smookler.r\documents\visual studio 2010\projects\flasmo-4a\flasmo-4a\flasmo-4a.cpp(165): warning C4996: 'getch': The POSIX name for this item is deprecated. Instead, use the ISO C++ conformant name: _getch. See online help for details.
                 c:\program files (x86)\microsoft visual studio 10.0\vc\include\conio.h(128) : see declaration of 'getch'
       ManifestResourceCompile:
         All outputs are up-to-date.
       Link:
         c:\Program Files (x86)\Microsoft Visual Studio 10.0\VC\bin\link.exe /ERRORREPORT:PROMPT /OUT:"c:\users\smookler.r\documents\visual studio 2010\Projects\flasmo-4a\Debug\flasmo-4a.exe" /INCREMENTAL /NOLOGO kernel32.lib user32.lib gdi32.lib winspool.lib comdlg32.lib advapi32.lib shell32.lib ole32.lib oleaut32.lib uuid.lib odbc32.lib odbccp32.lib /MANIFEST /ManifestFile:"Debug\flasmo-4a.exe.intermediate.manifest" /MANIFESTUAC:"level='asInvoker' uiAccess='false'" /DEBUG /PDB:"c:\users\smookler.r\documents\visual studio 2010\Projects\flasmo-4a\Debug\flasmo-4a.pdb" /SUBSYSTEM:CONSOLE /TLBID:1 /DYNAMICBASE /NXCOMPAT /IMPLIB:"c:\users\smookler.r\documents\visual studio 2010\Projects\flasmo-4a\Debug\flasmo-4a.lib" /MACHINE:X86 "Debug\flasmo-4a.exe.embed.manifest.res"
         "Debug\flasmo-4a.obj"
         Debug\stdafx.obj
       Manifest:
         c:\Program Files (x86)\Microsoft SDKs\Windows\v7.0A\bin\mt.exe /nologo /verbose /out:"Debug\flasmo-4a.exe.embed.manifest" /manifest "Debug\flasmo-4a.exe.intermediate.manifest"
         All outputs are up-to-date.
       LinkEmbedManifest:
         All outputs are up-to-date.
         flasmo-4a.vcxproj -> c:\users\smookler.r\documents\visual studio 2010\Projects\flasmo-4a\Debug\flasmo-4a.exe
       FinalizeBuildStatus:
         Deleting file "Debug\flasmo-4a.unsuccessfulbuild".
         Touching "Debug\flasmo-4a.lastbuildstate".
     1>Done Building Project "c:\Users\smookler.r\documents\visual studio 2010\Projects\flasmo-4a\flasmo-4a\flasmo-4a.vcxproj" (build target(s)).

Build succeeded.

Time Elapsed 00:00:00.93
