Build started 10/22/2014 11:35:11 AM.
     1>Project "Z:\Win7Files\Desktop\flasmo-3a\flasmo-3a\flasmo-3a.vcxproj" on node 2 (build target(s)).
     1>InitializeBuildStatus:
         Creating "Debug\flasmo-3a.unsuccessfulbuild" because "AlwaysCreate" was specified.
       ClCompile:
         All outputs are up-to-date.
         C:\Program Files (x86)\Microsoft Visual Studio 10.0\VC\bin\CL.exe /c /ZI /nologo /W3 /WX- /Od /Oy- /D WIN32 /D _DEBUG /D _CONSOLE /D _UNICODE /D UNICODE /Gm /EHsc /RTC1 /MDd /GS /fp:precise /Zc:wchar_t /Zc:forScope /Yu"StdAfx.h" /Fp"Debug\flasmo-3a.pch" /Fo"Debug\\" /Fd"Debug\vc100.pdb" /Gd /TP /analyze- /errorReport:prompt "flasmo-3a.cpp"
         flasmo-3a.cpp
     1>z:\win7files\desktop\flasmo-3a\flasmo-3a\dictionary.h(60): warning C4018: '<' : signed/unsigned mismatch
     1>z:\win7files\desktop\flasmo-3a\flasmo-3a\dictionary.h(125): warning C4018: '<' : signed/unsigned mismatch
     1>z:\win7files\desktop\flasmo-3a\flasmo-3a\dictionary.h(129): warning C4018: '<' : signed/unsigned mismatch
     1>z:\win7files\desktop\flasmo-3a\flasmo-3a\dictionary.h(149): warning C4018: '<' : signed/unsigned mismatch
     1>z:\win7files\desktop\flasmo-3a\flasmo-3a\flasmo-3a.cpp(391): warning C4996: 'getch': The POSIX name for this item is deprecated. Instead, use the ISO C++ conformant name: _getch. See online help for details.
                 c:\program files (x86)\microsoft visual studio 10.0\vc\include\conio.h(128) : see declaration of 'getch'
       ManifestResourceCompile:
         C:\Program Files (x86)\Microsoft SDKs\Windows\v7.0A\bin\rc.exe /nologo /fo"Debug\flasmo-3a.exe.embed.manifest.res" Debug\flasmo-3a_manifest.rc 
       Link:
         C:\Program Files (x86)\Microsoft Visual Studio 10.0\VC\bin\link.exe /ERRORREPORT:PROMPT /OUT:"Z:\Win7Files\Desktop\flasmo-3a\Debug\flasmo-3a.exe" /INCREMENTAL /NOLOGO kernel32.lib user32.lib gdi32.lib winspool.lib comdlg32.lib advapi32.lib shell32.lib ole32.lib oleaut32.lib uuid.lib odbc32.lib odbccp32.lib /MANIFEST /ManifestFile:"Debug\flasmo-3a.exe.intermediate.manifest" /MANIFESTUAC:"level='asInvoker' uiAccess='false'" /DEBUG /PDB:"Z:\Win7Files\Desktop\flasmo-3a\Debug\flasmo-3a.pdb" /SUBSYSTEM:CONSOLE /TLBID:1 /DYNAMICBASE /NXCOMPAT /IMPLIB:"Z:\Win7Files\Desktop\flasmo-3a\Debug\flasmo-3a.lib" /MACHINE:X86 "Debug\flasmo-3a.exe.embed.manifest.res"
         "Debug\flasmo-3a.obj"
         Debug\stdafx.obj
       Manifest:
         C:\Program Files (x86)\Microsoft SDKs\Windows\v7.0A\bin\mt.exe /nologo /verbose /out:"Debug\flasmo-3a.exe.embed.manifest" /manifest "Debug\flasmo-3a.exe.intermediate.manifest"
         C:\Program Files (x86)\Microsoft SDKs\Windows\v7.0A\bin\rc.exe /nologo /fo"Debug\flasmo-3a.exe.embed.manifest.res" Debug\flasmo-3a_manifest.rc 
       LinkEmbedManifest:
         C:\Program Files (x86)\Microsoft Visual Studio 10.0\VC\bin\link.exe /ERRORREPORT:PROMPT /OUT:"Z:\Win7Files\Desktop\flasmo-3a\Debug\flasmo-3a.exe" /INCREMENTAL /NOLOGO kernel32.lib user32.lib gdi32.lib winspool.lib comdlg32.lib advapi32.lib shell32.lib ole32.lib oleaut32.lib uuid.lib odbc32.lib odbccp32.lib /MANIFEST /ManifestFile:"Debug\flasmo-3a.exe.intermediate.manifest" /MANIFESTUAC:"level='asInvoker' uiAccess='false'" /DEBUG /PDB:"Z:\Win7Files\Desktop\flasmo-3a\Debug\flasmo-3a.pdb" /SUBSYSTEM:CONSOLE /TLBID:1 /DYNAMICBASE /NXCOMPAT /IMPLIB:"Z:\Win7Files\Desktop\flasmo-3a\Debug\flasmo-3a.lib" /MACHINE:X86 "Debug\flasmo-3a.exe.embed.manifest.res"
         "Debug\flasmo-3a.obj"
         Debug\stdafx.obj
         flasmo-3a.vcxproj -> Z:\Win7Files\Desktop\flasmo-3a\Debug\flasmo-3a.exe
       FinalizeBuildStatus:
         Deleting file "Debug\flasmo-3a.unsuccessfulbuild".
         Touching "Debug\flasmo-3a.lastbuildstate".
     1>Done Building Project "Z:\Win7Files\Desktop\flasmo-3a\flasmo-3a\flasmo-3a.vcxproj" (build target(s)).

Build succeeded.

Time Elapsed 00:00:25.20
